<?xml version="1.0" encoding="UTF-8"?>
<!-- Generated by org.testng.reporters.JUnitReportReporter -->
<testsuite skipped="0" hostname="ip-172-31-94-108" name="tests.SignupTest" tests="1" failures="0" timestamp="13 Dec 2021 11:55:48 GMT" time="1.836" errors="0">
  <testcase name="DoSignUp" time="1.836" classname="tests.SignupTest"/>
</testsuite> <!-- tests.SignupTest -->
