<?xml version="1.0" encoding="UTF-8"?>
<!-- Generated by org.testng.reporters.JUnitReportReporter -->
<testsuite skipped="0" hostname="ip-172-31-94-108" name="tests.LoginTest" tests="1" failures="0" timestamp="11 Dec 2021 13:49:43 GMT" time="1.177" errors="0">
  <testcase name="PositiveLogin" time="1.177" classname="tests.LoginTest"/>
</testsuite> <!-- tests.LoginTest -->
