<?xml version="1.0" encoding="UTF-8"?>
<!-- Generated by org.testng.reporters.JUnitReportReporter -->
<testsuite skipped="0" hostname="ip-172-31-94-108" name="tests.CheckoutAndOrderTest" tests="1" failures="0" timestamp="13 Dec 2021 07:39:44 GMT" time="1.804" errors="0">
  <testcase name="DoCheckoutAndOrder" time="1.804" classname="tests.CheckoutAndOrderTest"/>
</testsuite> <!-- tests.CheckoutAndOrderTest -->
