<?xml version="1.0" encoding="UTF-8"?>
<!-- Generated by org.testng.reporters.JUnitReportReporter -->
<testsuite skipped="0" hostname="ip-172-31-94-108" name="tests.LoginTest" tests="2" failures="0" timestamp="12 Dec 2021 11:25:47 GMT" time="2.494" errors="0">
  <testcase name="NegativeLogin" time="1.245" classname="tests.LoginTest"/>
  <testcase name="PositiveLogin" time="1.249" classname="tests.LoginTest"/>
</testsuite> <!-- tests.LoginTest -->
