<?xml version="1.0" encoding="UTF-8"?>
<!-- Generated by org.testng.reporters.JUnitReportReporter -->
<testsuite skipped="0" hostname="ip-172-31-94-108" name="tests.LoginTest" tests="2" failures="0" timestamp="13 Dec 2021 11:08:41 GMT" time="2.364" errors="0">
  <testcase name="PositiveLogin" time="1.295" classname="tests.LoginTest"/>
  <testcase name="NegativeLogin" time="1.069" classname="tests.LoginTest"/>
</testsuite> <!-- tests.LoginTest -->
