<?xml version="1.0" encoding="UTF-8"?>
<!-- Generated by org.testng.reporters.JUnitReportReporter -->
<testsuite skipped="0" hostname="ip-172-31-94-108" name="tests.LoginTest" tests="1" failures="0" timestamp="10 Dec 2021 17:35:52 GMT" time="0.365" errors="0">
  <testcase name="PositiveLogin" time="0.365" classname="tests.LoginTest"/>
</testsuite> <!-- tests.LoginTest -->
