<?xml version="1.0" encoding="UTF-8"?>
<!-- Generated by org.testng.reporters.JUnitReportReporter -->
<testsuite skipped="0" hostname="ip-172-31-94-108" name="tests.SignupTest" tests="1" failures="0" timestamp="12 Dec 2021 11:25:47 GMT" time="1.760" errors="0">
  <testcase name="DoSignUp" time="1.760" classname="tests.SignupTest"/>
</testsuite> <!-- tests.SignupTest -->
